{
  "RSpec": {
    "coverage": {
      "/Users/matthiashaefeli/Documents/Documents - Matthias’s MacBook Pro/Devbootcamp/interview_challenges/currency_api/spec/controllers/currencies_controller_spec.rb": {
        "lines": [
          1,
          null,
          1,
          1,
          1,
          1,
          1,
          1,
          null,
          null,
          1,
          1,
          1,
          1,
          1,
          1,
          1,
          1,
          1,
          null,
          null,
          1,
          1,
          1,
          1,
          1,
          1,
          1,
          1,
          null,
          null,
          1,
          1,
          2,
          null,
          1,
          1,
          1,
          1,
          1,
          1,
          1,
          1,
          null,
          null,
          null,
          1,
          1,
          1,
          1,
          1,
          null,
          null,
          1,
          1,
          1,
          1,
          1,
          1,
          1,
          1,
          1,
          1,
          1,
          null,
          null,
          1,
          1,
          1,
          1,
          1,
          1,
          1,
          1,
          1,
          1,
          null,
          null,
          null,
          1,
          1,
          1,
          1,
          1,
          null,
          null,
          1,
          1,
          1,
          1,
          1,
          1,
          1,
          1,
          1,
          1,
          1,
          1,
          null,
          null,
          1,
          1,
          1,
          1,
          1,
          1,
          1,
          1,
          1,
          1,
          1,
          null,
          null,
          null,
          1,
          1,
          1,
          1,
          1,
          null,
          null,
          1,
          1,
          1,
          1,
          1,
          1,
          1,
          1,
          1,
          1,
          null,
          null,
          null
        ]
      },
      "/Users/matthiashaefeli/Documents/Documents - Matthias’s MacBook Pro/Devbootcamp/interview_challenges/currency_api/spec/rails_helper.rb": {
        "lines": [
          null,
          1,
          1,
          1,
          null,
          1,
          1,
          null,
          null,
          null,
          null,
          null,
          null,
          null,
          null,
          null,
          null,
          null,
          null,
          null,
          null,
          null,
          null,
          null,
          null,
          null,
          null,
          1,
          null,
          0,
          0,
          null,
          1,
          null,
          1,
          null,
          null,
          null,
          null,
          1,
          null,
          null,
          null,
          null,
          null,
          null,
          null,
          null,
          null,
          null,
          null,
          null,
          null,
          null,
          null,
          null,
          null,
          1,
          null,
          null,
          1,
          null,
          null,
          null
        ]
      },
      "/Users/matthiashaefeli/Documents/Documents - Matthias’s MacBook Pro/Devbootcamp/interview_challenges/currency_api/config/environment.rb": {
        "lines": [
          null,
          1,
          null,
          null,
          1
        ]
      },
      "/Users/matthiashaefeli/Documents/Documents - Matthias’s MacBook Pro/Devbootcamp/interview_challenges/currency_api/config/application.rb": {
        "lines": [
          1,
          null,
          1,
          null,
          1,
          1,
          1,
          1,
          1,
          1,
          1,
          1,
          1,
          1,
          null,
          1,
          null,
          null,
          null,
          1,
          null,
          1,
          1,
          null,
          1,
          null,
          null,
          null,
          null,
          null,
          null,
          null,
          null,
          null,
          1,
          null,
          null
        ]
      },
      "/Users/matthiashaefeli/Documents/Documents - Matthias’s MacBook Pro/Devbootcamp/interview_challenges/currency_api/config/boot.rb": {
        "lines": [
          1,
          null,
          1,
          1
        ]
      },
      "/Users/matthiashaefeli/Documents/Documents - Matthias’s MacBook Pro/Devbootcamp/interview_challenges/currency_api/config/environments/test.rb": {
        "lines": [
          null,
          null,
          null,
          null,
          null,
          1,
          null,
          null,
          1,
          1,
          null,
          null,
          null,
          null,
          1,
          null,
          null,
          1,
          1,
          null,
          null,
          null,
          null,
          1,
          1,
          1,
          null,
          null,
          1,
          null,
          null,
          1,
          null,
          null,
          1,
          null,
          1,
          null,
          null,
          null,
          null,
          1,
          null,
          null,
          1,
          null,
          null,
          null,
          null
        ]
      },
      "/Users/matthiashaefeli/Documents/Documents - Matthias’s MacBook Pro/Devbootcamp/interview_challenges/currency_api/config/initializers/application_controller_renderer.rb": {
        "lines": [
          null,
          null,
          null,
          null,
          null,
          null,
          null,
          null
        ]
      },
      "/Users/matthiashaefeli/Documents/Documents - Matthias’s MacBook Pro/Devbootcamp/interview_challenges/currency_api/config/initializers/backtrace_silencers.rb": {
        "lines": [
          null,
          null,
          null,
          null,
          null,
          null,
          null
        ]
      },
      "/Users/matthiashaefeli/Documents/Documents - Matthias’s MacBook Pro/Devbootcamp/interview_challenges/currency_api/config/initializers/cors.rb": {
        "lines": [
          null,
          null,
          null,
          null,
          null,
          null,
          null,
          null,
          null,
          null,
          null,
          null,
          null,
          null,
          null,
          null
        ]
      },
      "/Users/matthiashaefeli/Documents/Documents - Matthias’s MacBook Pro/Devbootcamp/interview_challenges/currency_api/config/initializers/filter_parameter_logging.rb": {
        "lines": [
          null,
          null,
          null,
          1
        ]
      },
      "/Users/matthiashaefeli/Documents/Documents - Matthias’s MacBook Pro/Devbootcamp/interview_challenges/currency_api/config/initializers/inflections.rb": {
        "lines": [
          null,
          null,
          null,
          null,
          null,
          null,
          null,
          null,
          null,
          null,
          null,
          null,
          null,
          null,
          null,
          null
        ]
      },
      "/Users/matthiashaefeli/Documents/Documents - Matthias’s MacBook Pro/Devbootcamp/interview_challenges/currency_api/config/initializers/mime_types.rb": {
        "lines": [
          null,
          null,
          null,
          null
        ]
      },
      "/Users/matthiashaefeli/Documents/Documents - Matthias’s MacBook Pro/Devbootcamp/interview_challenges/currency_api/config/initializers/wrap_parameters.rb": {
        "lines": [
          null,
          null,
          null,
          null,
          null,
          null,
          1,
          2,
          null,
          null,
          null,
          null,
          null,
          null
        ]
      },
      "/Users/matthiashaefeli/Documents/Documents - Matthias’s MacBook Pro/Devbootcamp/interview_challenges/currency_api/spec/factories/currencies.rb": {
        "lines": [
          1,
          1,
          5,
          5,
          null,
          null
        ]
      },
      "/Users/matthiashaefeli/Documents/Documents - Matthias’s MacBook Pro/Devbootcamp/interview_challenges/currency_api/spec/factories/currency_name.rb": {
        "lines": [
          1,
          1,
          2,
          2,
          null,
          null
        ]
      },
      "/Users/matthiashaefeli/Documents/Documents - Matthias’s MacBook Pro/Devbootcamp/interview_challenges/currency_api/spec/factories/users.rb": {
        "lines": [
          1,
          1,
          13,
          13,
          null,
          null
        ]
      },
      "/Users/matthiashaefeli/Documents/Documents - Matthias’s MacBook Pro/Devbootcamp/interview_challenges/currency_api/config/routes.rb": {
        "lines": [
          1,
          1,
          1,
          1,
          null,
          null,
          null,
          1,
          null
        ]
      },
      "/Users/matthiashaefeli/Documents/Documents - Matthias’s MacBook Pro/Devbootcamp/interview_challenges/currency_api/app/controllers/currencies_controller.rb": {
        "lines": [
          null,
          1,
          1,
          null,
          null,
          1,
          2,
          2,
          null,
          null,
          null,
          1,
          2,
          1,
          null,
          1,
          null,
          1,
          null,
          null,
          null,
          null,
          1,
          2,
          1,
          169,
          1,
          null,
          1,
          null,
          1,
          null,
          null,
          null,
          null,
          1,
          1,
          1,
          1,
          null,
          null,
          1,
          null,
          null,
          1,
          1,
          1,
          1,
          1,
          null,
          null
        ]
      },
      "/Users/matthiashaefeli/Documents/Documents - Matthias’s MacBook Pro/Devbootcamp/interview_challenges/currency_api/app/controllers/application_controller.rb": {
        "lines": [
          1,
          1,
          null,
          1,
          null,
          1,
          13,
          5,
          null,
          null,
          8,
          8,
          null,
          null,
          null,
          1,
          5,
          null,
          null,
          1,
          null,
          1,
          29,
          29,
          25,
          null,
          5,
          null,
          null,
          null,
          1,
          8,
          null,
          null
        ]
      },
      "/Users/matthiashaefeli/Documents/Documents - Matthias’s MacBook Pro/Devbootcamp/interview_challenges/currency_api/lib/json_web_token.rb": {
        "lines": [
          1,
          null,
          1,
          null,
          null,
          1,
          10,
          10,
          null,
          null,
          null,
          1,
          25,
          null,
          null,
          null,
          1,
          8,
          0,
          null,
          8,
          null,
          null,
          null,
          null,
          1,
          null,
          26,
          null,
          null,
          null,
          null,
          null,
          null,
          1,
          8,
          null,
          null
        ]
      },
      "/Users/matthiashaefeli/Documents/Documents - Matthias’s MacBook Pro/Devbootcamp/interview_challenges/currency_api/spec/controllers/users_controller_spec.rb": {
        "lines": [
          1,
          1,
          null,
          1,
          1,
          null,
          null,
          1,
          1,
          1,
          1,
          null,
          null,
          1,
          1,
          null,
          null,
          1,
          1,
          null,
          null,
          1,
          1,
          null,
          null,
          1,
          1,
          null,
          null,
          1,
          null,
          null,
          1,
          1,
          null,
          null,
          1,
          null,
          null,
          1,
          1,
          null,
          null,
          1,
          1,
          null,
          null,
          1,
          1,
          null,
          null,
          1,
          1,
          null,
          null,
          null,
          1,
          1,
          1,
          1,
          null,
          null,
          1,
          1,
          null,
          null,
          1,
          1,
          1,
          null,
          null,
          1,
          1,
          null,
          null,
          1,
          1,
          null,
          null,
          1,
          null,
          null,
          1,
          1,
          null,
          null,
          1,
          1,
          null,
          null,
          1,
          1,
          1,
          null,
          null,
          1,
          1,
          null,
          null,
          null,
          1,
          1,
          1,
          1,
          1,
          1,
          1,
          1,
          null,
          null,
          null
        ]
      },
      "/Users/matthiashaefeli/Documents/Documents - Matthias’s MacBook Pro/Devbootcamp/interview_challenges/currency_api/spec/support/authorization_helper.rb": {
        "lines": [
          1,
          1,
          8,
          null,
          8,
          8,
          null,
          null
        ]
      },
      "/Users/matthiashaefeli/Documents/Documents - Matthias’s MacBook Pro/Devbootcamp/interview_challenges/currency_api/app/controllers/users_controller.rb": {
        "lines": [
          null,
          1,
          1,
          null,
          null,
          1,
          13,
          null,
          13,
          10,
          10,
          null,
          3,
          null,
          null,
          null,
          null,
          1,
          6,
          6,
          null,
          6,
          2,
          null,
          4,
          null,
          null,
          null,
          null,
          1,
          1,
          1,
          null,
          null,
          1,
          null,
          1,
          30,
          null,
          null
        ]
      },
      "/Users/matthiashaefeli/Documents/Documents - Matthias’s MacBook Pro/Devbootcamp/interview_challenges/currency_api/app/models/user.rb": {
        "lines": [
          1,
          1,
          1,
          null
        ]
      },
      "/Users/matthiashaefeli/Documents/Documents - Matthias’s MacBook Pro/Devbootcamp/interview_challenges/currency_api/app/models/application_record.rb": {
        "lines": [
          1,
          1,
          null
        ]
      },
      "/Users/matthiashaefeli/Documents/Documents - Matthias’s MacBook Pro/Devbootcamp/interview_challenges/currency_api/app/models/currency.rb": {
        "lines": [
          1,
          null
        ]
      },
      "/Users/matthiashaefeli/Documents/Documents - Matthias’s MacBook Pro/Devbootcamp/interview_challenges/currency_api/app/models/currency_name.rb": {
        "lines": [
          1,
          1,
          6,
          1008,
          1008,
          null,
          null,
          null
        ]
      },
      "/Users/matthiashaefeli/Documents/Documents - Matthias’s MacBook Pro/Devbootcamp/interview_challenges/currency_api/app/services/connection.rb": {
        "lines": [
          1,
          1,
          null,
          1,
          null,
          null,
          1,
          1,
          null,
          1,
          1,
          1,
          1,
          null,
          null,
          null,
          1,
          6,
          null,
          6,
          6,
          6,
          6,
          null,
          null
        ]
      }
    },
    "timestamp": 1595969337
  }
}
